<?xml version="1.0" encoding="UTF-8"?>
<testng-results skipped="0" failed="0" total="1" passed="1">
  <reporter-output>
  </reporter-output>
  <suite name="Default suite" duration-ms="51730" started-at="2020-03-05T04:15:18Z" finished-at="2020-03-05T04:16:10Z">
    <groups>
    </groups>
    <test name="Default test" duration-ms="51730" started-at="2020-03-05T04:15:18Z" finished-at="2020-03-05T04:16:10Z">
      <class name="OpenBrowser">
        <test-method status="PASS" signature="f()[pri:0, instance:OpenBrowser@12cc05a]" name="f" duration-ms="51620" started-at="2020-03-05T09:45:18Z" finished-at="2020-03-05T09:46:10Z">
          <reporter-output>
          </reporter-output>
        </test-method> <!-- f -->
      </class> <!-- OpenBrowser -->
    </test> <!-- Default test -->
  </suite> <!-- Default suite -->
</testng-results>
